<?xml version="1.0" encoding="UTF-8"?>
<!-- Generated by org.testng.reporters.JUnitReportReporter -->
<testsuite hostname="DESKTOP-A90F7ST" failures="0" tests="2" name="com.Practise.Homepage.LoginwithApp" time="30.875" errors="0" timestamp="2024-03-01T13:55:50 IST" skipped="0">
  <testcase classname="com.Practise.Homepage.LoginwithApp" name="logOutToAppTest" time="16.682"/>
  <system-out/>
  <testcase classname="com.Practise.Homepage.LoginwithApp" name="loginToAppTest" time="14.193"/>
  <system-out/>
</testsuite> <!-- com.Practise.Homepage.LoginwithApp -->
