<?xml version="1.0" encoding="UTF-8"?>
<!-- Generated by org.testng.reporters.JUnitReportReporter -->
<testsuite hostname="DESKTOP-A90F7ST" failures="0" tests="1" name="com.Practise.Homepage.ResgisterNewUser" time="20.018" errors="0" timestamp="2024-02-27T11:57:09 IST" skipped="0">
  <testcase classname="com.Practise.Homepage.ResgisterNewUser" name="registerNewUserTest" time="20.018"/>
  <system-out/>
</testsuite> <!-- com.Practise.Homepage.ResgisterNewUser -->
