<?xml version="1.0" encoding="UTF-8"?>
<!-- Generated by org.testng.reporters.JUnitReportReporter -->
<testsuite hostname="DESKTOP-A90F7ST" failures="0" tests="1" name="com.Practise.Homepage.HomePagewithThreeSlidders" time="26.920" errors="0" timestamp="2024-03-01T13:55:50 IST" skipped="0">
  <testcase classname="com.Practise.Homepage.HomePagewithThreeSlidders" name="HomePagecaseTest" time="26.920"/>
  <system-out/>
</testsuite> <!-- com.Practise.Homepage.HomePagewithThreeSlidders -->
