<?xml version="1.0" encoding="UTF-8"?>
<!-- Generated by org.testng.reporters.JUnitReportReporter -->
<testsuite hostname="DESKTOP-A90F7ST" failures="0" tests="2" name="com.Practise.Homepage.LoginwithApp" time="36.771" errors="0" timestamp="2024-02-26T17:46:31 IST" skipped="0">
  <testcase classname="com.Practise.Homepage.LoginwithApp" name="logOutToAppTest" time="23.403"/>
  <system-out/>
  <testcase classname="com.Practise.Homepage.LoginwithApp" name="loginToAppTest" time="13.368"/>
  <system-out/>
</testsuite> <!-- com.Practise.Homepage.LoginwithApp -->
