<?xml version="1.0" encoding="UTF-8"?>
<!-- Generated by org.testng.reporters.JUnitReportReporter -->
<testsuite hostname="DESKTOP-A90F7ST" failures="0" tests="1" name="com.Practise.Homepage.HomePagewithThreeSlidders" time="54.976" errors="0" timestamp="2024-02-26T17:46:31 IST" skipped="0">
  <testcase classname="com.Practise.Homepage.HomePagewithThreeSlidders" name="HomePagecaseTest" time="54.976"/>
  <system-out/>
</testsuite> <!-- com.Practise.Homepage.HomePagewithThreeSlidders -->
