<?xml version="1.0" encoding="UTF-8"?>
<!-- Generated by org.testng.reporters.JUnitXMLReporter -->
<testsuite ignored="0" hostname="DESKTOP-A90F7ST" failures="0" tests="1" name="Test-Runner-chrome" time="3.058" errors="0" timestamp="2024-02-26T13:04:38 IST">
  <testcase classname="com.Practise.GenericLib.BaseClass" name="@BeforeMethod beforeMethodConfig" time="2.907">
    <failure type="io.github.bonigarcia.wdm.config.WebDriverManagerException" message="java.lang.NumberFormatException: For input string: &amp;quot;linux64&amp;quot;">
      <![CDATA[io.github.bonigarcia.wdm.config.WebDriverManagerException: java.lang.NumberFormatException: For input string: "linux64"
at io.github.bonigarcia.wdm.WebDriverManager.handleException(WebDriverManager.java:1429)
at io.github.bonigarcia.wdm.WebDriverManager.manage(WebDriverManager.java:1195)
at io.github.bonigarcia.wdm.WebDriverManager.fallback(WebDriverManager.java:1445)
at io.github.bonigarcia.wdm.WebDriverManager.handleException(WebDriverManager.java:1426)
at io.github.bonigarcia.wdm.WebDriverManager.manage(WebDriverManager.java:1195)
at io.github.bonigarcia.wdm.WebDriverManager.handleException(WebDriverManager.java:1419)
at io.github.bonigarcia.wdm.WebDriverManager.manage(WebDriverManager.java:1195)
at io.github.bonigarcia.wdm.WebDriverManager.setup(WebDriverManager.java:427)
at com.Practise.GenericLib.BaseClass.beforeMethodConfig(BaseClass.java:69)
at java.base/java.util.ArrayList.forEach(ArrayList.java:1596)
at java.base/java.util.concurrent.FutureTask.run(FutureTask.java:317)
at java.base/java.util.concurrent.ThreadPoolExecutor.runWorker(ThreadPoolExecutor.java:1144)
at java.base/java.util.concurrent.ThreadPoolExecutor$Worker.run(ThreadPoolExecutor.java:642)
at java.base/java.lang.Thread.run(Thread.java:1583)
Caused by: java.lang.NumberFormatException: For input string: "linux64"
at java.base/java.lang.NumberFormatException.forInputString(NumberFormatException.java:67)
at java.base/java.lang.Integer.parseInt(Integer.java:662)
at java.base/java.lang.Integer.parseInt(Integer.java:778)
at io.github.bonigarcia.wdm.managers.ChromeDriverManager.buildUrl(ChromeDriverManager.java:178)
at io.github.bonigarcia.wdm.managers.ChromeDriverManager.buildUrl(ChromeDriverManager.java:155)
at io.github.bonigarcia.wdm.online.UrlHandler.getCandidateUrl(UrlHandler.java:269)
at io.github.bonigarcia.wdm.WebDriverManager.download(WebDriverManager.java:1277)
at io.github.bonigarcia.wdm.WebDriverManager.manage(WebDriverManager.java:1189)
... 32 more
... Removed 20 stack frames]]>
    </failure>
  </testcase> <!-- @BeforeMethod beforeMethodConfig -->
  <testcase classname="com.Practise.GenericLib.BaseClass" name="@AfterMethod afterMethod" time="-1.708932878942E9">
    <skipped/>
  </testcase> <!-- @AfterMethod afterMethod -->
  <testcase classname="com.Practise.GenericLib.BaseClass" name="@AfterClass BcConfig" time="-1.708932878949E9">
    <skipped/>
  </testcase> <!-- @AfterClass BcConfig -->
  <testcase classname="com.Practise.Homepage.HomePagewithThreeSlidders" name="HomePagecaseTest" time="0.0">
    <skipped/>
  </testcase> <!-- HomePagecaseTest -->
</testsuite> <!-- Test-Runner-chrome -->
