<?xml version="1.0" encoding="UTF-8"?>
<!-- Generated by org.testng.reporters.JUnitXMLReporter -->
<testsuite ignored="0" hostname="DESKTOP-A90F7ST" failures="0" tests="1" name="Test-Runner-edge" time="31.25" errors="0" timestamp="2024-02-26T17:24:43 IST">
  <testcase classname="com.Practise.Homepage.HomePagewithThreeSlidders" name="HomePagecaseTest" time="22.036"/>
</testsuite> <!-- Test-Runner-edge -->
